Start testing: Sep 09 01:57 MSK
----------------------------------------------------------
1/1 Testing: check
1/1 Test: check
Command: "/home/ubuntu/yarosoon/workspace/projects/lab05/_build/check"
Directory: /home/ubuntu/yarosoon/workspace/projects/lab05/_build
"check" start time: Sep 09 01:57 MSK
Output:
----------------------------------------------------------
Running main() from /home/ubuntu/yarosoon/workspace/projects/lab05/third-party/googletest/googletest/src/gtest_main.cc
[==========] Running 1 test from 1 test suite.
[----------] Global test environment set-up.
[----------] 1 test from Print
[ RUN      ] Print.InFileStream
[       OK ] Print.InFileStream (1 ms)
[----------] 1 test from Print (1 ms total)

[----------] Global test environment tear-down
[==========] 1 test from 1 test suite ran. (2 ms total)
[  PASSED  ] 1 test.
<end of output>
Test time =   0.02 sec
----------------------------------------------------------
Test Passed.
"check" end time: Sep 09 01:57 MSK
"check" time elapsed: 00:00:00
----------------------------------------------------------

End testing: Sep 09 01:57 MSK
